<?xml version="1.0" encoding="UTF-8"?>
<testsuites name="Mocha Tests" time="0.981" tests="2" failures="1">
  <testsuite name="Root Suite" timestamp="2019-05-21T10:29:30" tests="0" failures="0" time="0">
  </testsuite>
  <testsuite name="Assertions" timestamp="2019-05-21T10:29:30" tests="0" failures="0" time="0">
  </testsuite>
  <testsuite name="Correct text" timestamp="2019-05-21T10:29:30" tests="1" failures="1" time="0">
    <testcase name="Assertions Correct text Header text should be app name" time="0" classname="Header text should be app name">
      <failure message="expected &apos;Nodejs Express App&apos; to equal &apos;Nodejs Express&apos;" type="AssertionError"><![CDATA[AssertionError: expected 'Nodejs Express App' to equal 'Nodejs Express'
    at getRet (https://rifiel-nodejscontainer.azurewebsites.net/__cypress/runner/cypress_runner.js:71652:16)
    at tryCatcher (https://rifiel-nodejscontainer.azurewebsites.net/__cypress/runner/cypress_runner.js:132036:23)
    at Function.Promise.attempt.Promise.try (https://rifiel-nodejscontainer.azurewebsites.net/__cypress/runner/cypress_runner.js:129410:29)
    at Context.thenFn (https://rifiel-nodejscontainer.azurewebsites.net/__cypress/runner/cypress_runner.js:71666:26)
    at Context.then (https://rifiel-nodejscontainer.azurewebsites.net/__cypress/runner/cypress_runner.js:71932:21)
    at Context.<anonymous> (https://rifiel-nodejscontainer.azurewebsites.net/__cypress/runner/cypress_runner.js:78933:21)
    at https://rifiel-nodejscontainer.azurewebsites.net/__cypress/runner/cypress_runner.js:78638:33
    at tryCatcher (https://rifiel-nodejscontainer.azurewebsites.net/__cypress/runner/cypress_runner.js:132036:23)
    at Promise._settlePromiseFromHandler (https://rifiel-nodejscontainer.azurewebsites.net/__cypress/runner/cypress_runner.js:130054:31)
    at Promise._settlePromise (https://rifiel-nodejscontainer.azurewebsites.net/__cypress/runner/cypress_runner.js:130111:18)
    at Promise._settlePromiseCtx (https://rifiel-nodejscontainer.azurewebsites.net/__cypress/runner/cypress_runner.js:130148:10)
    at Async._drainQueue (https://rifiel-nodejscontainer.azurewebsites.net/__cypress/runner/cypress_runner.js:126965:12)
    at Async._drainQueues (https://rifiel-nodejscontainer.azurewebsites.net/__cypress/runner/cypress_runner.js:126970:10)
    at Async.drainQueues (https://rifiel-nodejscontainer.azurewebsites.net/__cypress/runner/cypress_runner.js:126844:14)
    at <anonymous>]]></failure>
    </testcase>
  </testsuite>
  <testsuite name="Should always pass" timestamp="2019-05-21T10:29:36" tests="1" failures="0" time="0.981">
    <testcase name="Assertions Should always pass Should always pass" time="0.981" classname="Should always pass">
    </testcase>
  </testsuite>
</testsuites>